0 info it worked if it ends with ok
1 verbose cli [ '/home/pi/.nvm/v0.10.0/bin/node',
1 verbose cli   '/home/pi/.nvm/v0.10.0/bin/npm',
1 verbose cli   'install' ]
2 info using npm@1.2.14
3 info using node@v0.10.0
4 verbose read json /home/pi/dev/domo/git/node-domo/package.json
5 warn package.json node-domo@1.0.0 No README.md file found!
6 verbose readDependencies using package.json deps
7 verbose install where, deps [ '/home/pi/dev/domo/git/node-domo',
7 verbose install   [ 'body-parser',
7 verbose install     'compression',
7 verbose install     'express',
7 verbose install     'ip',
7 verbose install     'lgtv2',
7 verbose install     'moment',
7 verbose install     'mqtt',
7 verbose install     'mysql',
7 verbose install     'node-ip',
7 verbose install     'node-telegram-bot-api',
7 verbose install     'node-wol',
7 verbose install     'telegraf',
7 verbose install     'unirest',
7 verbose install     'wifi-name' ] ]
8 verbose from cache /home/pi/dev/domo/git/node-domo/package.json
9 info preinstall node-domo@1.0.0
10 verbose from cache /home/pi/dev/domo/git/node-domo/package.json
11 verbose readDependencies using package.json deps
12 verbose cache add [ 'telegraf@^3.17.5', null ]
13 verbose cache add name=undefined spec="telegraf@^3.17.5" args=["telegraf@^3.17.5",null]
14 verbose parsed url { protocol: null,
14 verbose parsed url   slashes: null,
14 verbose parsed url   auth: null,
14 verbose parsed url   host: null,
14 verbose parsed url   port: null,
14 verbose parsed url   hostname: null,
14 verbose parsed url   hash: null,
14 verbose parsed url   search: null,
14 verbose parsed url   query: null,
14 verbose parsed url   pathname: 'telegraf@^3.17.5',
14 verbose parsed url   path: 'telegraf@^3.17.5',
14 verbose parsed url   href: 'telegraf@^3.17.5' }
15 verbose cache add name="telegraf" spec="^3.17.5" args=["telegraf","^3.17.5"]
16 verbose parsed url { protocol: null,
16 verbose parsed url   slashes: null,
16 verbose parsed url   auth: null,
16 verbose parsed url   host: null,
16 verbose parsed url   port: null,
16 verbose parsed url   hostname: null,
16 verbose parsed url   hash: null,
16 verbose parsed url   search: null,
16 verbose parsed url   query: null,
16 verbose parsed url   pathname: '^3.17.5',
16 verbose parsed url   path: '^3.17.5',
16 verbose parsed url   href: '^3.17.5' }
17 verbose addNamed [ 'telegraf', '^3.17.5' ]
18 verbose addNamed [ null, null ]
19 verbose cache add [ 'unirest@^0.5.1', null ]
20 verbose cache add name=undefined spec="unirest@^0.5.1" args=["unirest@^0.5.1",null]
21 verbose parsed url { protocol: null,
21 verbose parsed url   slashes: null,
21 verbose parsed url   auth: null,
21 verbose parsed url   host: null,
21 verbose parsed url   port: null,
21 verbose parsed url   hostname: null,
21 verbose parsed url   hash: null,
21 verbose parsed url   search: null,
21 verbose parsed url   query: null,
21 verbose parsed url   pathname: 'unirest@^0.5.1',
21 verbose parsed url   path: 'unirest@^0.5.1',
21 verbose parsed url   href: 'unirest@^0.5.1' }
22 verbose cache add name="unirest" spec="^0.5.1" args=["unirest","^0.5.1"]
23 verbose parsed url { protocol: null,
23 verbose parsed url   slashes: null,
23 verbose parsed url   auth: null,
23 verbose parsed url   host: null,
23 verbose parsed url   port: null,
23 verbose parsed url   hostname: null,
23 verbose parsed url   hash: null,
23 verbose parsed url   search: null,
23 verbose parsed url   query: null,
23 verbose parsed url   pathname: '^0.5.1',
23 verbose parsed url   path: '^0.5.1',
23 verbose parsed url   href: '^0.5.1' }
24 verbose addNamed [ 'unirest', '^0.5.1' ]
25 verbose addNamed [ null, null ]
26 verbose cache add [ 'wifi-name@^3.1.1', null ]
27 verbose cache add name=undefined spec="wifi-name@^3.1.1" args=["wifi-name@^3.1.1",null]
28 verbose parsed url { protocol: null,
28 verbose parsed url   slashes: null,
28 verbose parsed url   auth: null,
28 verbose parsed url   host: null,
28 verbose parsed url   port: null,
28 verbose parsed url   hostname: null,
28 verbose parsed url   hash: null,
28 verbose parsed url   search: null,
28 verbose parsed url   query: null,
28 verbose parsed url   pathname: 'wifi-name@^3.1.1',
28 verbose parsed url   path: 'wifi-name@^3.1.1',
28 verbose parsed url   href: 'wifi-name@^3.1.1' }
29 verbose cache add name="wifi-name" spec="^3.1.1" args=["wifi-name","^3.1.1"]
30 verbose parsed url { protocol: null,
30 verbose parsed url   slashes: null,
30 verbose parsed url   auth: null,
30 verbose parsed url   host: null,
30 verbose parsed url   port: null,
30 verbose parsed url   hostname: null,
30 verbose parsed url   hash: null,
30 verbose parsed url   search: null,
30 verbose parsed url   query: null,
30 verbose parsed url   pathname: '^3.1.1',
30 verbose parsed url   path: '^3.1.1',
30 verbose parsed url   href: '^3.1.1' }
31 verbose addNamed [ 'wifi-name', '^3.1.1' ]
32 verbose addNamed [ null, null ]
33 verbose cache add [ 'body-parser@^1.18.2', null ]
34 verbose cache add name=undefined spec="body-parser@^1.18.2" args=["body-parser@^1.18.2",null]
35 verbose parsed url { protocol: null,
35 verbose parsed url   slashes: null,
35 verbose parsed url   auth: null,
35 verbose parsed url   host: null,
35 verbose parsed url   port: null,
35 verbose parsed url   hostname: null,
35 verbose parsed url   hash: null,
35 verbose parsed url   search: null,
35 verbose parsed url   query: null,
35 verbose parsed url   pathname: 'body-parser@^1.18.2',
35 verbose parsed url   path: 'body-parser@^1.18.2',
35 verbose parsed url   href: 'body-parser@^1.18.2' }
36 verbose cache add name="body-parser" spec="^1.18.2" args=["body-parser","^1.18.2"]
37 verbose parsed url { protocol: null,
37 verbose parsed url   slashes: null,
37 verbose parsed url   auth: null,
37 verbose parsed url   host: null,
37 verbose parsed url   port: null,
37 verbose parsed url   hostname: null,
37 verbose parsed url   hash: null,
37 verbose parsed url   search: null,
37 verbose parsed url   query: null,
37 verbose parsed url   pathname: '^1.18.2',
37 verbose parsed url   path: '^1.18.2',
37 verbose parsed url   href: '^1.18.2' }
38 verbose addNamed [ 'body-parser', '^1.18.2' ]
39 verbose addNamed [ null, null ]
40 verbose cache add [ 'compression@^1.7.0', null ]
41 verbose cache add name=undefined spec="compression@^1.7.0" args=["compression@^1.7.0",null]
42 verbose parsed url { protocol: null,
42 verbose parsed url   slashes: null,
42 verbose parsed url   auth: null,
42 verbose parsed url   host: null,
42 verbose parsed url   port: null,
42 verbose parsed url   hostname: null,
42 verbose parsed url   hash: null,
42 verbose parsed url   search: null,
42 verbose parsed url   query: null,
42 verbose parsed url   pathname: 'compression@^1.7.0',
42 verbose parsed url   path: 'compression@^1.7.0',
42 verbose parsed url   href: 'compression@^1.7.0' }
43 verbose cache add name="compression" spec="^1.7.0" args=["compression","^1.7.0"]
44 verbose parsed url { protocol: null,
44 verbose parsed url   slashes: null,
44 verbose parsed url   auth: null,
44 verbose parsed url   host: null,
44 verbose parsed url   port: null,
44 verbose parsed url   hostname: null,
44 verbose parsed url   hash: null,
44 verbose parsed url   search: null,
44 verbose parsed url   query: null,
44 verbose parsed url   pathname: '^1.7.0',
44 verbose parsed url   path: '^1.7.0',
44 verbose parsed url   href: '^1.7.0' }
45 verbose addNamed [ 'compression', '^1.7.0' ]
46 verbose addNamed [ null, null ]
47 verbose cache add [ 'express@^4.16.2', null ]
48 verbose cache add name=undefined spec="express@^4.16.2" args=["express@^4.16.2",null]
49 verbose parsed url { protocol: null,
49 verbose parsed url   slashes: null,
49 verbose parsed url   auth: null,
49 verbose parsed url   host: null,
49 verbose parsed url   port: null,
49 verbose parsed url   hostname: null,
49 verbose parsed url   hash: null,
49 verbose parsed url   search: null,
49 verbose parsed url   query: null,
49 verbose parsed url   pathname: 'express@^4.16.2',
49 verbose parsed url   path: 'express@^4.16.2',
49 verbose parsed url   href: 'express@^4.16.2' }
50 verbose cache add name="express" spec="^4.16.2" args=["express","^4.16.2"]
51 verbose parsed url { protocol: null,
51 verbose parsed url   slashes: null,
51 verbose parsed url   auth: null,
51 verbose parsed url   host: null,
51 verbose parsed url   port: null,
51 verbose parsed url   hostname: null,
51 verbose parsed url   hash: null,
51 verbose parsed url   search: null,
51 verbose parsed url   query: null,
51 verbose parsed url   pathname: '^4.16.2',
51 verbose parsed url   path: '^4.16.2',
51 verbose parsed url   href: '^4.16.2' }
52 verbose addNamed [ 'express', '^4.16.2' ]
53 verbose addNamed [ null, null ]
54 verbose cache add [ 'ip@^1.1.5', null ]
55 verbose cache add name=undefined spec="ip@^1.1.5" args=["ip@^1.1.5",null]
56 verbose parsed url { protocol: null,
56 verbose parsed url   slashes: null,
56 verbose parsed url   auth: null,
56 verbose parsed url   host: null,
56 verbose parsed url   port: null,
56 verbose parsed url   hostname: null,
56 verbose parsed url   hash: null,
56 verbose parsed url   search: null,
56 verbose parsed url   query: null,
56 verbose parsed url   pathname: 'ip@^1.1.5',
56 verbose parsed url   path: 'ip@^1.1.5',
56 verbose parsed url   href: 'ip@^1.1.5' }
57 verbose cache add name="ip" spec="^1.1.5" args=["ip","^1.1.5"]
58 verbose parsed url { protocol: null,
58 verbose parsed url   slashes: null,
58 verbose parsed url   auth: null,
58 verbose parsed url   host: null,
58 verbose parsed url   port: null,
58 verbose parsed url   hostname: null,
58 verbose parsed url   hash: null,
58 verbose parsed url   search: null,
58 verbose parsed url   query: null,
58 verbose parsed url   pathname: '^1.1.5',
58 verbose parsed url   path: '^1.1.5',
58 verbose parsed url   href: '^1.1.5' }
59 verbose addNamed [ 'ip', '^1.1.5' ]
60 verbose addNamed [ null, null ]
61 verbose cache add [ 'lgtv2@^1.4.1', null ]
62 verbose cache add name=undefined spec="lgtv2@^1.4.1" args=["lgtv2@^1.4.1",null]
63 verbose parsed url { protocol: null,
63 verbose parsed url   slashes: null,
63 verbose parsed url   auth: null,
63 verbose parsed url   host: null,
63 verbose parsed url   port: null,
63 verbose parsed url   hostname: null,
63 verbose parsed url   hash: null,
63 verbose parsed url   search: null,
63 verbose parsed url   query: null,
63 verbose parsed url   pathname: 'lgtv2@^1.4.1',
63 verbose parsed url   path: 'lgtv2@^1.4.1',
63 verbose parsed url   href: 'lgtv2@^1.4.1' }
64 verbose cache add name="lgtv2" spec="^1.4.1" args=["lgtv2","^1.4.1"]
65 verbose parsed url { protocol: null,
65 verbose parsed url   slashes: null,
65 verbose parsed url   auth: null,
65 verbose parsed url   host: null,
65 verbose parsed url   port: null,
65 verbose parsed url   hostname: null,
65 verbose parsed url   hash: null,
65 verbose parsed url   search: null,
65 verbose parsed url   query: null,
65 verbose parsed url   pathname: '^1.4.1',
65 verbose parsed url   path: '^1.4.1',
65 verbose parsed url   href: '^1.4.1' }
66 verbose addNamed [ 'lgtv2', '^1.4.1' ]
67 verbose addNamed [ null, null ]
68 verbose cache add [ 'moment@^2.20.1', null ]
69 verbose cache add name=undefined spec="moment@^2.20.1" args=["moment@^2.20.1",null]
70 verbose parsed url { protocol: null,
70 verbose parsed url   slashes: null,
70 verbose parsed url   auth: null,
70 verbose parsed url   host: null,
70 verbose parsed url   port: null,
70 verbose parsed url   hostname: null,
70 verbose parsed url   hash: null,
70 verbose parsed url   search: null,
70 verbose parsed url   query: null,
70 verbose parsed url   pathname: 'moment@^2.20.1',
70 verbose parsed url   path: 'moment@^2.20.1',
70 verbose parsed url   href: 'moment@^2.20.1' }
71 verbose cache add name="moment" spec="^2.20.1" args=["moment","^2.20.1"]
72 verbose parsed url { protocol: null,
72 verbose parsed url   slashes: null,
72 verbose parsed url   auth: null,
72 verbose parsed url   host: null,
72 verbose parsed url   port: null,
72 verbose parsed url   hostname: null,
72 verbose parsed url   hash: null,
72 verbose parsed url   search: null,
72 verbose parsed url   query: null,
72 verbose parsed url   pathname: '^2.20.1',
72 verbose parsed url   path: '^2.20.1',
72 verbose parsed url   href: '^2.20.1' }
73 verbose addNamed [ 'moment', '^2.20.1' ]
74 verbose addNamed [ null, null ]
75 verbose cache add [ 'mqtt@^2.15.1', null ]
76 verbose cache add name=undefined spec="mqtt@^2.15.1" args=["mqtt@^2.15.1",null]
77 verbose parsed url { protocol: null,
77 verbose parsed url   slashes: null,
77 verbose parsed url   auth: null,
77 verbose parsed url   host: null,
77 verbose parsed url   port: null,
77 verbose parsed url   hostname: null,
77 verbose parsed url   hash: null,
77 verbose parsed url   search: null,
77 verbose parsed url   query: null,
77 verbose parsed url   pathname: 'mqtt@^2.15.1',
77 verbose parsed url   path: 'mqtt@^2.15.1',
77 verbose parsed url   href: 'mqtt@^2.15.1' }
78 verbose cache add name="mqtt" spec="^2.15.1" args=["mqtt","^2.15.1"]
79 verbose parsed url { protocol: null,
79 verbose parsed url   slashes: null,
79 verbose parsed url   auth: null,
79 verbose parsed url   host: null,
79 verbose parsed url   port: null,
79 verbose parsed url   hostname: null,
79 verbose parsed url   hash: null,
79 verbose parsed url   search: null,
79 verbose parsed url   query: null,
79 verbose parsed url   pathname: '^2.15.1',
79 verbose parsed url   path: '^2.15.1',
79 verbose parsed url   href: '^2.15.1' }
80 verbose addNamed [ 'mqtt', '^2.15.1' ]
81 verbose addNamed [ null, null ]
82 verbose cache add [ 'mysql@^2.15.0', null ]
83 verbose cache add name=undefined spec="mysql@^2.15.0" args=["mysql@^2.15.0",null]
84 verbose parsed url { protocol: null,
84 verbose parsed url   slashes: null,
84 verbose parsed url   auth: null,
84 verbose parsed url   host: null,
84 verbose parsed url   port: null,
84 verbose parsed url   hostname: null,
84 verbose parsed url   hash: null,
84 verbose parsed url   search: null,
84 verbose parsed url   query: null,
84 verbose parsed url   pathname: 'mysql@^2.15.0',
84 verbose parsed url   path: 'mysql@^2.15.0',
84 verbose parsed url   href: 'mysql@^2.15.0' }
85 verbose cache add name="mysql" spec="^2.15.0" args=["mysql","^2.15.0"]
86 verbose parsed url { protocol: null,
86 verbose parsed url   slashes: null,
86 verbose parsed url   auth: null,
86 verbose parsed url   host: null,
86 verbose parsed url   port: null,
86 verbose parsed url   hostname: null,
86 verbose parsed url   hash: null,
86 verbose parsed url   search: null,
86 verbose parsed url   query: null,
86 verbose parsed url   pathname: '^2.15.0',
86 verbose parsed url   path: '^2.15.0',
86 verbose parsed url   href: '^2.15.0' }
87 verbose addNamed [ 'mysql', '^2.15.0' ]
88 verbose addNamed [ null, null ]
89 verbose cache add [ 'node-ip@^0.1.2', null ]
90 verbose cache add name=undefined spec="node-ip@^0.1.2" args=["node-ip@^0.1.2",null]
91 verbose parsed url { protocol: null,
91 verbose parsed url   slashes: null,
91 verbose parsed url   auth: null,
91 verbose parsed url   host: null,
91 verbose parsed url   port: null,
91 verbose parsed url   hostname: null,
91 verbose parsed url   hash: null,
91 verbose parsed url   search: null,
91 verbose parsed url   query: null,
91 verbose parsed url   pathname: 'node-ip@^0.1.2',
91 verbose parsed url   path: 'node-ip@^0.1.2',
91 verbose parsed url   href: 'node-ip@^0.1.2' }
92 verbose cache add name="node-ip" spec="^0.1.2" args=["node-ip","^0.1.2"]
93 verbose parsed url { protocol: null,
93 verbose parsed url   slashes: null,
93 verbose parsed url   auth: null,
93 verbose parsed url   host: null,
93 verbose parsed url   port: null,
93 verbose parsed url   hostname: null,
93 verbose parsed url   hash: null,
93 verbose parsed url   search: null,
93 verbose parsed url   query: null,
93 verbose parsed url   pathname: '^0.1.2',
93 verbose parsed url   path: '^0.1.2',
93 verbose parsed url   href: '^0.1.2' }
94 verbose addNamed [ 'node-ip', '^0.1.2' ]
95 verbose addNamed [ null, null ]
96 verbose cache add [ 'node-telegram-bot-api@^0.30.0', null ]
97 verbose cache add name=undefined spec="node-telegram-bot-api@^0.30.0" args=["node-telegram-bot-api@^0.30.0",null]
98 verbose parsed url { protocol: null,
98 verbose parsed url   slashes: null,
98 verbose parsed url   auth: null,
98 verbose parsed url   host: null,
98 verbose parsed url   port: null,
98 verbose parsed url   hostname: null,
98 verbose parsed url   hash: null,
98 verbose parsed url   search: null,
98 verbose parsed url   query: null,
98 verbose parsed url   pathname: 'node-telegram-bot-api@^0.30.0',
98 verbose parsed url   path: 'node-telegram-bot-api@^0.30.0',
98 verbose parsed url   href: 'node-telegram-bot-api@^0.30.0' }
99 verbose cache add name="node-telegram-bot-api" spec="^0.30.0" args=["node-telegram-bot-api","^0.30.0"]
100 verbose parsed url { protocol: null,
100 verbose parsed url   slashes: null,
100 verbose parsed url   auth: null,
100 verbose parsed url   host: null,
100 verbose parsed url   port: null,
100 verbose parsed url   hostname: null,
100 verbose parsed url   hash: null,
100 verbose parsed url   search: null,
100 verbose parsed url   query: null,
100 verbose parsed url   pathname: '^0.30.0',
100 verbose parsed url   path: '^0.30.0',
100 verbose parsed url   href: '^0.30.0' }
101 verbose addNamed [ 'node-telegram-bot-api', '^0.30.0' ]
102 verbose addNamed [ null, null ]
103 verbose cache add [ 'node-wol@^0.1.1', null ]
104 verbose cache add name=undefined spec="node-wol@^0.1.1" args=["node-wol@^0.1.1",null]
105 verbose parsed url { protocol: null,
105 verbose parsed url   slashes: null,
105 verbose parsed url   auth: null,
105 verbose parsed url   host: null,
105 verbose parsed url   port: null,
105 verbose parsed url   hostname: null,
105 verbose parsed url   hash: null,
105 verbose parsed url   search: null,
105 verbose parsed url   query: null,
105 verbose parsed url   pathname: 'node-wol@^0.1.1',
105 verbose parsed url   path: 'node-wol@^0.1.1',
105 verbose parsed url   href: 'node-wol@^0.1.1' }
106 verbose cache add name="node-wol" spec="^0.1.1" args=["node-wol","^0.1.1"]
107 verbose parsed url { protocol: null,
107 verbose parsed url   slashes: null,
107 verbose parsed url   auth: null,
107 verbose parsed url   host: null,
107 verbose parsed url   port: null,
107 verbose parsed url   hostname: null,
107 verbose parsed url   hash: null,
107 verbose parsed url   search: null,
107 verbose parsed url   query: null,
107 verbose parsed url   pathname: '^0.1.1',
107 verbose parsed url   path: '^0.1.1',
107 verbose parsed url   href: '^0.1.1' }
108 verbose addNamed [ 'node-wol', '^0.1.1' ]
109 verbose addNamed [ null, null ]
110 silly lockFile 73e3d30e-telegraf-3-17-5 telegraf@^3.17.5
111 verbose lock telegraf@^3.17.5 /home/pi/.npm/73e3d30e-telegraf-3-17-5.lock
112 silly lockFile 83f393b6-unirest-0-5-1 unirest@^0.5.1
113 verbose lock unirest@^0.5.1 /home/pi/.npm/83f393b6-unirest-0-5-1.lock
114 silly lockFile c927bfe3-wifi-name-3-1-1 wifi-name@^3.1.1
115 verbose lock wifi-name@^3.1.1 /home/pi/.npm/c927bfe3-wifi-name-3-1-1.lock
116 info addNameTag [ 'telegraf', '^3.17.5' ]
117 info addNameTag [ 'unirest', '^0.5.1' ]
118 info addNameTag [ 'wifi-name', '^3.1.1' ]
119 silly lockFile f1a8a4ce-body-parser-1-18-2 body-parser@^1.18.2
120 verbose lock body-parser@^1.18.2 /home/pi/.npm/f1a8a4ce-body-parser-1-18-2.lock
121 silly lockFile ea8d3e96-compression-1-7-0 compression@^1.7.0
122 verbose lock compression@^1.7.0 /home/pi/.npm/ea8d3e96-compression-1-7-0.lock
123 silly lockFile 6d57c244-express-4-16-2 express@^4.16.2
124 verbose lock express@^4.16.2 /home/pi/.npm/6d57c244-express-4-16-2.lock
125 silly lockFile 39ec0fbf-ip-1-1-5 ip@^1.1.5
126 verbose lock ip@^1.1.5 /home/pi/.npm/39ec0fbf-ip-1-1-5.lock
127 silly lockFile 35a5bc11-lgtv2-1-4-1 lgtv2@^1.4.1
128 verbose lock lgtv2@^1.4.1 /home/pi/.npm/35a5bc11-lgtv2-1-4-1.lock
129 silly lockFile a94fbaa0-moment-2-20-1 moment@^2.20.1
130 verbose lock moment@^2.20.1 /home/pi/.npm/a94fbaa0-moment-2-20-1.lock
131 silly lockFile 5442f79b-mqtt-2-15-1 mqtt@^2.15.1
132 verbose lock mqtt@^2.15.1 /home/pi/.npm/5442f79b-mqtt-2-15-1.lock
133 silly lockFile 4ade45c9-mysql-2-15-0 mysql@^2.15.0
134 verbose lock mysql@^2.15.0 /home/pi/.npm/4ade45c9-mysql-2-15-0.lock
135 silly lockFile 00ad4e47-node-ip-0-1-2 node-ip@^0.1.2
136 verbose lock node-ip@^0.1.2 /home/pi/.npm/00ad4e47-node-ip-0-1-2.lock
137 silly lockFile 6e4c88a7-node-telegram-bot-api-0-30-0 node-telegram-bot-api@^0.30.0
138 verbose lock node-telegram-bot-api@^0.30.0 /home/pi/.npm/6e4c88a7-node-telegram-bot-api-0-30-0.lock
139 silly lockFile 635d915d-node-wol-0-1-1 node-wol@^0.1.1
140 verbose lock node-wol@^0.1.1 /home/pi/.npm/635d915d-node-wol-0-1-1.lock
141 info addNameTag [ 'body-parser', '^1.18.2' ]
142 info addNameTag [ 'compression', '^1.7.0' ]
143 info addNameTag [ 'express', '^4.16.2' ]
144 info addNameTag [ 'ip', '^1.1.5' ]
145 info addNameTag [ 'lgtv2', '^1.4.1' ]
146 info addNameTag [ 'moment', '^2.20.1' ]
147 info addNameTag [ 'mqtt', '^2.15.1' ]
148 info addNameTag [ 'mysql', '^2.15.0' ]
149 info addNameTag [ 'node-ip', '^0.1.2' ]
150 info addNameTag [ 'node-telegram-bot-api', '^0.30.0' ]
151 info addNameTag [ 'node-wol', '^0.1.1' ]
152 verbose url raw telegraf
153 verbose url resolving [ 'https://registry.npmjs.org/', './telegraf' ]
154 verbose url resolved https://registry.npmjs.org/telegraf
155 info trying registry request attempt 1 at 16:13:54
156 verbose etag "5a847a67-336c6"
157 http GET https://registry.npmjs.org/telegraf
158 verbose url raw unirest
159 verbose url resolving [ 'https://registry.npmjs.org/', './unirest' ]
160 verbose url resolved https://registry.npmjs.org/unirest
161 info trying registry request attempt 1 at 16:13:54
162 verbose etag "5a8302b0-10b6c"
163 http GET https://registry.npmjs.org/unirest
164 verbose url raw wifi-name
165 verbose url resolving [ 'https://registry.npmjs.org/', './wifi-name' ]
166 verbose url resolved https://registry.npmjs.org/wifi-name
167 info trying registry request attempt 1 at 16:13:55
168 verbose etag "59b54e2e-4c34"
169 http GET https://registry.npmjs.org/wifi-name
170 verbose url raw body-parser
171 verbose url resolving [ 'https://registry.npmjs.org/', './body-parser' ]
172 verbose url resolved https://registry.npmjs.org/body-parser
173 info trying registry request attempt 1 at 16:13:55
174 verbose etag "5a8e66f0-236ea"
175 http GET https://registry.npmjs.org/body-parser
176 verbose url raw compression
177 verbose url resolving [ 'https://registry.npmjs.org/', './compression' ]
178 verbose url resolved https://registry.npmjs.org/compression
179 info trying registry request attempt 1 at 16:13:55
180 verbose etag "5a8cfd5b-11c80"
181 http GET https://registry.npmjs.org/compression
182 verbose url raw express
183 verbose url resolving [ 'https://registry.npmjs.org/', './express' ]
184 verbose url resolved https://registry.npmjs.org/express
185 info trying registry request attempt 1 at 16:13:55
186 verbose etag "5a8f3c91-93fd6"
187 http GET https://registry.npmjs.org/express
188 verbose url raw ip
189 verbose url resolving [ 'https://registry.npmjs.org/', './ip' ]
190 verbose url resolved https://registry.npmjs.org/ip
191 info trying registry request attempt 1 at 16:13:55
192 verbose etag "5a4471c9-6326"
193 http GET https://registry.npmjs.org/ip
194 verbose url raw lgtv2
195 verbose url resolving [ 'https://registry.npmjs.org/', './lgtv2' ]
196 verbose url resolved https://registry.npmjs.org/lgtv2
197 info trying registry request attempt 1 at 16:13:55
198 verbose etag "59a40071-3ce6"
199 http GET https://registry.npmjs.org/lgtv2
200 verbose url raw moment
201 verbose url resolving [ 'https://registry.npmjs.org/', './moment' ]
202 verbose url resolved https://registry.npmjs.org/moment
203 info trying registry request attempt 1 at 16:13:55
204 verbose etag "5a901d13-2251c"
205 http GET https://registry.npmjs.org/moment
206 verbose url raw mqtt
207 verbose url resolving [ 'https://registry.npmjs.org/', './mqtt' ]
208 verbose url resolved https://registry.npmjs.org/mqtt
209 info trying registry request attempt 1 at 16:13:56
210 verbose etag "5a86a0a4-46e9d"
211 http GET https://registry.npmjs.org/mqtt
212 verbose url raw mysql
213 verbose url resolving [ 'https://registry.npmjs.org/', './mysql' ]
214 verbose url resolved https://registry.npmjs.org/mysql
215 info trying registry request attempt 1 at 16:13:56
216 verbose etag "5a870123-249a9"
217 http GET https://registry.npmjs.org/mysql
218 verbose url raw node-ip
219 verbose url resolving [ 'https://registry.npmjs.org/', './node-ip' ]
220 verbose url resolved https://registry.npmjs.org/node-ip
221 info trying registry request attempt 1 at 16:13:56
222 verbose etag "58c1598b-ba7"
223 http GET https://registry.npmjs.org/node-ip
224 verbose url raw node-telegram-bot-api
225 verbose url resolving [ 'https://registry.npmjs.org/', './node-telegram-bot-api' ]
226 verbose url resolved https://registry.npmjs.org/node-telegram-bot-api
227 info trying registry request attempt 1 at 16:13:56
228 verbose etag "5a7d6343-21ad1"
229 http GET https://registry.npmjs.org/node-telegram-bot-api
230 verbose url raw node-wol
231 verbose url resolving [ 'https://registry.npmjs.org/', './node-wol' ]
232 verbose url resolved https://registry.npmjs.org/node-wol
233 info trying registry request attempt 1 at 16:13:56
234 verbose etag "55e46a97-dde"
235 http GET https://registry.npmjs.org/node-wol
236 http 304 https://registry.npmjs.org/body-parser
237 silly registry.get cb [ 304,
237 silly registry.get   { date: 'Fri, 23 Feb 2018 16:13:57 GMT',
237 silly registry.get     via: '1.1 varnish',
237 silly registry.get     'cache-control': 'max-age=300',
237 silly registry.get     etag: '"5a8e66f0-236ea"',
237 silly registry.get     age: '5288',
237 silly registry.get     connection: 'keep-alive',
237 silly registry.get     'x-served-by': 'cache-lhr6328-LHR',
237 silly registry.get     'x-cache': 'HIT',
237 silly registry.get     'x-cache-hits': '1',
237 silly registry.get     'x-timer': 'S1519402437.030203,VS0,VE1',
237 silly registry.get     vary: 'Accept-Encoding, Accept' } ]
238 verbose etag body-parser from cache
239 http 304 https://registry.npmjs.org/compression
240 silly registry.get cb [ 304,
240 silly registry.get   { date: 'Fri, 23 Feb 2018 16:13:57 GMT',
240 silly registry.get     via: '1.1 varnish',
240 silly registry.get     'cache-control': 'max-age=300',
240 silly registry.get     etag: '"5a8cfd5b-11c80"',
240 silly registry.get     age: '6515',
240 silly registry.get     connection: 'keep-alive',
240 silly registry.get     'x-served-by': 'cache-lhr6335-LHR',
240 silly registry.get     'x-cache': 'HIT',
240 silly registry.get     'x-cache-hits': '1',
240 silly registry.get     'x-timer': 'S1519402437.040514,VS0,VE2',
240 silly registry.get     vary: 'Accept-Encoding, Accept' } ]
241 verbose etag compression from cache
242 http 304 https://registry.npmjs.org/telegraf
243 silly registry.get cb [ 304,
243 silly registry.get   { date: 'Fri, 23 Feb 2018 16:13:57 GMT',
243 silly registry.get     via: '1.1 varnish',
243 silly registry.get     'cache-control': 'max-age=300',
243 silly registry.get     etag: '"5a847a67-336c6"',
243 silly registry.get     age: '74',
243 silly registry.get     connection: 'keep-alive',
243 silly registry.get     'x-served-by': 'cache-lhr6350-LHR',
243 silly registry.get     'x-cache': 'HIT',
243 silly registry.get     'x-cache-hits': '1',
243 silly registry.get     'x-timer': 'S1519402437.047977,VS0,VE2',
243 silly registry.get     vary: 'Accept-Encoding, Accept' } ]
244 verbose etag telegraf from cache
245 http 304 https://registry.npmjs.org/wifi-name
246 silly registry.get cb [ 304,
246 silly registry.get   { date: 'Fri, 23 Feb 2018 16:13:57 GMT',
246 silly registry.get     via: '1.1 varnish',
246 silly registry.get     'cache-control': 'max-age=300',
246 silly registry.get     etag: '"59b54e2e-4c34"',
246 silly registry.get     age: '73',
246 silly registry.get     connection: 'keep-alive',
246 silly registry.get     'x-served-by': 'cache-lhr6349-LHR',
246 silly registry.get     'x-cache': 'HIT',
246 silly registry.get     'x-cache-hits': '1',
246 silly registry.get     'x-timer': 'S1519402437.055809,VS0,VE1',
246 silly registry.get     vary: 'Accept-Encoding, Accept' } ]
247 verbose etag wifi-name from cache
248 http 304 https://registry.npmjs.org/unirest
249 silly registry.get cb [ 304,
249 silly registry.get   { date: 'Fri, 23 Feb 2018 16:13:57 GMT',
249 silly registry.get     via: '1.1 varnish',
249 silly registry.get     'cache-control': 'max-age=300',
249 silly registry.get     etag: '"5a8302b0-10b6c"',
249 silly registry.get     age: '74',
249 silly registry.get     connection: 'keep-alive',
249 silly registry.get     'x-served-by': 'cache-lhr6346-LHR',
249 silly registry.get     'x-cache': 'HIT',
249 silly registry.get     'x-cache-hits': '1',
249 silly registry.get     'x-timer': 'S1519402437.063672,VS0,VE1',
249 silly registry.get     vary: 'Accept-Encoding, Accept' } ]
250 verbose etag unirest from cache
251 http 304 https://registry.npmjs.org/ip
252 silly registry.get cb [ 304,
252 silly registry.get   { date: 'Fri, 23 Feb 2018 16:13:57 GMT',
252 silly registry.get     via: '1.1 varnish',
252 silly registry.get     'cache-control': 'max-age=300',
252 silly registry.get     etag: '"5a4471c9-6326"',
252 silly registry.get     age: '5178',
252 silly registry.get     connection: 'keep-alive',
252 silly registry.get     'x-served-by': 'cache-lhr6335-LHR',
252 silly registry.get     'x-cache': 'HIT',
252 silly registry.get     'x-cache-hits': '1',
252 silly registry.get     'x-timer': 'S1519402437.270141,VS0,VE0',
252 silly registry.get     vary: 'Accept-Encoding, Accept' } ]
253 verbose etag ip from cache
254 http 304 https://registry.npmjs.org/lgtv2
255 silly registry.get cb [ 304,
255 silly registry.get   { date: 'Fri, 23 Feb 2018 16:13:57 GMT',
255 silly registry.get     via: '1.1 varnish',
255 silly registry.get     'cache-control': 'max-age=300',
255 silly registry.get     etag: '"59a40071-3ce6"',
255 silly registry.get     age: '78',
255 silly registry.get     connection: 'keep-alive',
255 silly registry.get     'x-served-by': 'cache-lhr6350-LHR',
255 silly registry.get     'x-cache': 'HIT',
255 silly registry.get     'x-cache-hits': '1',
255 silly registry.get     'x-timer': 'S1519402437.333059,VS0,VE0',
255 silly registry.get     vary: 'Accept-Encoding, Accept' } ]
256 verbose etag lgtv2 from cache
257 http 304 https://registry.npmjs.org/moment
258 silly registry.get cb [ 304,
258 silly registry.get   { date: 'Fri, 23 Feb 2018 16:13:57 GMT',
258 silly registry.get     via: '1.1 varnish',
258 silly registry.get     'cache-control': 'max-age=300',
258 silly registry.get     etag: '"5a901d13-2251c"',
258 silly registry.get     age: '7562',
258 silly registry.get     connection: 'keep-alive',
258 silly registry.get     'x-served-by': 'cache-lhr6349-LHR',
258 silly registry.get     'x-cache': 'HIT',
258 silly registry.get     'x-cache-hits': '1',
258 silly registry.get     'x-timer': 'S1519402437.402005,VS0,VE1',
258 silly registry.get     vary: 'Accept-Encoding, Accept' } ]
259 verbose etag moment from cache
260 http 304 https://registry.npmjs.org/express
261 silly registry.get cb [ 304,
261 silly registry.get   { date: 'Fri, 23 Feb 2018 16:13:57 GMT',
261 silly registry.get     via: '1.1 varnish',
261 silly registry.get     'cache-control': 'max-age=300',
261 silly registry.get     etag: '"5a8f3c91-93fd6"',
261 silly registry.get     age: '8613',
261 silly registry.get     connection: 'keep-alive',
261 silly registry.get     'x-served-by': 'cache-lhr6328-LHR',
261 silly registry.get     'x-cache': 'HIT',
261 silly registry.get     'x-cache-hits': '12',
261 silly registry.get     'x-timer': 'S1519402437.191969,VS0,VE0',
261 silly registry.get     vary: 'Accept-Encoding, Accept' } ]
262 verbose etag express from cache
263 http 304 https://registry.npmjs.org/mysql
264 silly registry.get cb [ 304,
264 silly registry.get   { date: 'Fri, 23 Feb 2018 16:13:57 GMT',
264 silly registry.get     via: '1.1 varnish',
264 silly registry.get     'cache-control': 'max-age=300',
264 silly registry.get     etag: '"5a870123-249a9"',
264 silly registry.get     age: '77',
264 silly registry.get     connection: 'keep-alive',
264 silly registry.get     'x-served-by': 'cache-lhr6335-LHR',
264 silly registry.get     'x-cache': 'HIT',
264 silly registry.get     'x-cache-hits': '1',
264 silly registry.get     'x-timer': 'S1519402438.531834,VS0,VE0',
264 silly registry.get     vary: 'Accept-Encoding, Accept' } ]
265 verbose etag mysql from cache
266 http 304 https://registry.npmjs.org/node-ip
267 silly registry.get cb [ 304,
267 silly registry.get   { date: 'Fri, 23 Feb 2018 16:13:57 GMT',
267 silly registry.get     via: '1.1 varnish',
267 silly registry.get     'cache-control': 'max-age=300',
267 silly registry.get     etag: '"58c1598b-ba7"',
267 silly registry.get     age: '77',
267 silly registry.get     connection: 'keep-alive',
267 silly registry.get     'x-served-by': 'cache-lhr6350-LHR',
267 silly registry.get     'x-cache': 'HIT',
267 silly registry.get     'x-cache-hits': '1',
267 silly registry.get     'x-timer': 'S1519402438.597604,VS0,VE1',
267 silly registry.get     vary: 'Accept-Encoding, Accept' } ]
268 verbose etag node-ip from cache
269 http 304 https://registry.npmjs.org/node-telegram-bot-api
270 silly registry.get cb [ 304,
270 silly registry.get   { date: 'Fri, 23 Feb 2018 16:13:57 GMT',
270 silly registry.get     via: '1.1 varnish',
270 silly registry.get     'cache-control': 'max-age=300',
270 silly registry.get     etag: '"5a7d6343-21ad1"',
270 silly registry.get     age: '76',
270 silly registry.get     connection: 'keep-alive',
270 silly registry.get     'x-served-by': 'cache-lhr6349-LHR',
270 silly registry.get     'x-cache': 'HIT',
270 silly registry.get     'x-cache-hits': '1',
270 silly registry.get     'x-timer': 'S1519402438.661442,VS0,VE1',
270 silly registry.get     vary: 'Accept-Encoding, Accept' } ]
271 verbose etag node-telegram-bot-api from cache
272 http 304 https://registry.npmjs.org/mqtt
273 silly registry.get cb [ 304,
273 silly registry.get   { date: 'Fri, 23 Feb 2018 16:13:57 GMT',
273 silly registry.get     via: '1.1 varnish',
273 silly registry.get     'cache-control': 'max-age=300',
273 silly registry.get     etag: '"5a86a0a4-46e9d"',
273 silly registry.get     age: '77',
273 silly registry.get     connection: 'keep-alive',
273 silly registry.get     'x-served-by': 'cache-lhr6346-LHR',
273 silly registry.get     'x-cache': 'HIT',
273 silly registry.get     'x-cache-hits': '1',
273 silly registry.get     'x-timer': 'S1519402437.465532,VS0,VE2',
273 silly registry.get     vary: 'Accept-Encoding, Accept' } ]
274 verbose etag mqtt from cache
275 http 304 https://registry.npmjs.org/node-wol
276 silly registry.get cb [ 304,
276 silly registry.get   { date: 'Fri, 23 Feb 2018 16:13:57 GMT',
276 silly registry.get     via: '1.1 varnish',
276 silly registry.get     'cache-control': 'max-age=300',
276 silly registry.get     etag: '"55e46a97-dde"',
276 silly registry.get     age: '75',
276 silly registry.get     connection: 'keep-alive',
276 silly registry.get     'x-served-by': 'cache-lhr6328-LHR',
276 silly registry.get     'x-cache': 'HIT',
276 silly registry.get     'x-cache-hits': '1',
276 silly registry.get     'x-timer': 'S1519402438.730305,VS0,VE0',
276 silly registry.get     vary: 'Accept-Encoding, Accept' } ]
277 verbose etag node-wol from cache
278 silly lockFile f1a8a4ce-body-parser-1-18-2 body-parser@^1.18.2
279 silly lockFile f1a8a4ce-body-parser-1-18-2 body-parser@^1.18.2
280 silly lockFile ea8d3e96-compression-1-7-0 compression@^1.7.0
281 silly lockFile ea8d3e96-compression-1-7-0 compression@^1.7.0
282 silly lockFile 73e3d30e-telegraf-3-17-5 telegraf@^3.17.5
283 silly lockFile 73e3d30e-telegraf-3-17-5 telegraf@^3.17.5
284 silly lockFile c927bfe3-wifi-name-3-1-1 wifi-name@^3.1.1
285 silly lockFile c927bfe3-wifi-name-3-1-1 wifi-name@^3.1.1
286 silly lockFile 83f393b6-unirest-0-5-1 unirest@^0.5.1
287 silly lockFile 83f393b6-unirest-0-5-1 unirest@^0.5.1
288 silly lockFile 39ec0fbf-ip-1-1-5 ip@^1.1.5
289 silly lockFile 39ec0fbf-ip-1-1-5 ip@^1.1.5
290 silly lockFile 35a5bc11-lgtv2-1-4-1 lgtv2@^1.4.1
291 silly lockFile 35a5bc11-lgtv2-1-4-1 lgtv2@^1.4.1
292 silly lockFile a94fbaa0-moment-2-20-1 moment@^2.20.1
293 silly lockFile a94fbaa0-moment-2-20-1 moment@^2.20.1
294 silly lockFile 6d57c244-express-4-16-2 express@^4.16.2
295 silly lockFile 6d57c244-express-4-16-2 express@^4.16.2
296 silly lockFile 4ade45c9-mysql-2-15-0 mysql@^2.15.0
297 silly lockFile 4ade45c9-mysql-2-15-0 mysql@^2.15.0
298 silly lockFile 00ad4e47-node-ip-0-1-2 node-ip@^0.1.2
299 silly lockFile 00ad4e47-node-ip-0-1-2 node-ip@^0.1.2
300 silly lockFile 6e4c88a7-node-telegram-bot-api-0-30-0 node-telegram-bot-api@^0.30.0
301 silly lockFile 6e4c88a7-node-telegram-bot-api-0-30-0 node-telegram-bot-api@^0.30.0
302 error Error: No compatible version found: body-parser@'^1.18.2'
302 error Valid install targets:
302 error ["1.0.0","1.0.1","1.0.2","1.1.0","1.1.1","1.1.2","1.2.0","1.2.1","1.2.2","1.3.0","1.3.1","1.4.0","1.4.1","1.4.2","1.4.3","1.5.0","1.5.1","1.5.2","1.6.0","1.6.1","1.6.2","1.6.3","1.6.4","1.6.5","1.6.6","1.6.7","1.7.0","1.8.0","1.8.1","1.8.2","1.8.3","1.8.4","1.9.0","1.9.1","1.9.2","1.9.3","1.10.0","1.10.1","1.10.2","1.11.0","1.12.0","1.12.1","1.12.2","1.12.3","1.12.4","1.13.0","1.13.1","1.13.2","1.13.3","1.14.0","1.14.1","1.14.2","1.15.0","1.15.1","1.15.2","1.16.0","1.16.1","1.17.0","1.17.1","1.17.2","1.18.0","1.18.1","1.18.2"]
302 error     at installTargetsError (/home/pi/.nvm/v0.10.0/lib/node_modules/npm/lib/cache.js:682:10)
302 error     at /home/pi/.nvm/v0.10.0/lib/node_modules/npm/lib/cache.js:597:10
302 error     at saved (/home/pi/.nvm/v0.10.0/lib/node_modules/npm/node_modules/npm-registry-client/lib/get.js:138:7)
302 error     at Object.oncomplete (fs.js:93:15)
303 error If you need help, you may report this log at:
303 error     <http://github.com/isaacs/npm/issues>
303 error or email it to:
303 error     <npm-@googlegroups.com>
304 error System Linux 4.9.59+
305 error command "/home/pi/.nvm/v0.10.0/bin/node" "/home/pi/.nvm/v0.10.0/bin/npm" "install"
306 error cwd /home/pi/dev/domo/git/node-domo
307 error node -v v0.10.0
308 error npm -v 1.2.14
309 verbose exit [ 1, true ]
